<?xml version="1.0" encoding="UTF-8"?>
<robot generator="Robot 3.2.1 (Python 3.7.4 on win32)" generated="20200601 14:20:55.318" rpa="false">
<suite id="s1" name="Selenium" source="E:\yuxichen\rebotWorkSpace\selenium">
<suite id="s1-s1" name="RF实例" source="E:\yuxichen\rebotWorkSpace\selenium\RF实例.robot">
<test id="s1-s1-t1" name="百度搜索">
<kw name="百度搜索数据驱动" library="业务关键字">
<arguments>
<arg>java</arg>
</arguments>
<kw name="百度搜索" library="业务关键字">
<arguments>
<arg>https://www.baidu.com/</arg>
<arg>${searchContent}</arg>
</arguments>
<kw name="打开浏览器" library="基础关键字">
<arguments>
<arg>${url}</arg>
<arg>chrome</arg>
</arguments>
<kw name="Open Browser" library="SeleniumLibrary">
<doc>Opens a new browser instance to the given ``url``.</doc>
<arguments>
<arg>${url}</arg>
<arg>${browser}</arg>
</arguments>
<msg timestamp="20200601 14:20:55.685" level="INFO">Opening browser 'chrome' to base url 'https://www.baidu.com/'.</msg>
<status status="PASS" starttime="20200601 14:20:55.681" endtime="20200601 14:20:59.902"></status>
</kw>
<status status="PASS" starttime="20200601 14:20:55.681" endtime="20200601 14:20:59.902"></status>
</kw>
<kw name="输入查询内容" library="基础关键字">
<arguments>
<arg>${searchContent}</arg>
</arguments>
<kw name="Input Text" library="SeleniumLibrary">
<doc>Types the given ``text`` into text field identified by ``locator``.</doc>
<arguments>
<arg>id=kw</arg>
<arg>${content}</arg>
</arguments>
<msg timestamp="20200601 14:20:59.930" level="INFO">Typing text 'java' into text field 'id=kw'.</msg>
<status status="PASS" starttime="20200601 14:20:59.903" endtime="20200601 14:21:00.252"></status>
</kw>
<status status="PASS" starttime="20200601 14:20:59.903" endtime="20200601 14:21:00.253"></status>
</kw>
<kw name="点击查询按钮" library="基础关键字">
<kw name="Click Button" library="SeleniumLibrary">
<doc>Clicks button identified by ``locator``.</doc>
<arguments>
<arg>id=su</arg>
</arguments>
<msg timestamp="20200601 14:21:00.255" level="INFO">Clicking button 'id=su'.</msg>
<status status="PASS" starttime="20200601 14:21:00.253" endtime="20200601 14:21:00.419"></status>
</kw>
<status status="PASS" starttime="20200601 14:21:00.253" endtime="20200601 14:21:00.419"></status>
</kw>
<kw name="关闭浏览器" library="基础关键字">
<kw name="Close Browser" library="SeleniumLibrary">
<doc>Closes the current browser.</doc>
<status status="PASS" starttime="20200601 14:21:00.419" endtime="20200601 14:21:02.603"></status>
</kw>
<status status="PASS" starttime="20200601 14:21:00.419" endtime="20200601 14:21:02.603"></status>
</kw>
<status status="PASS" starttime="20200601 14:20:55.680" endtime="20200601 14:21:02.603"></status>
</kw>
<status status="PASS" starttime="20200601 14:20:55.680" endtime="20200601 14:21:02.603"></status>
</kw>
<kw name="百度搜索数据驱动" library="业务关键字">
<arguments>
<arg>selenium</arg>
</arguments>
<kw name="百度搜索" library="业务关键字">
<arguments>
<arg>https://www.baidu.com/</arg>
<arg>${searchContent}</arg>
</arguments>
<kw name="打开浏览器" library="基础关键字">
<arguments>
<arg>${url}</arg>
<arg>chrome</arg>
</arguments>
<kw name="Open Browser" library="SeleniumLibrary">
<doc>Opens a new browser instance to the given ``url``.</doc>
<arguments>
<arg>${url}</arg>
<arg>${browser}</arg>
</arguments>
<msg timestamp="20200601 14:21:02.606" level="INFO">Opening browser 'chrome' to base url 'https://www.baidu.com/'.</msg>
<status status="PASS" starttime="20200601 14:21:02.605" endtime="20200601 14:21:06.261"></status>
</kw>
<status status="PASS" starttime="20200601 14:21:02.605" endtime="20200601 14:21:06.261"></status>
</kw>
<kw name="输入查询内容" library="基础关键字">
<arguments>
<arg>${searchContent}</arg>
</arguments>
<kw name="Input Text" library="SeleniumLibrary">
<doc>Types the given ``text`` into text field identified by ``locator``.</doc>
<arguments>
<arg>id=kw</arg>
<arg>${content}</arg>
</arguments>
<msg timestamp="20200601 14:21:06.284" level="INFO">Typing text 'selenium' into text field 'id=kw'.</msg>
<status status="PASS" starttime="20200601 14:21:06.264" endtime="20200601 14:21:06.735"></status>
</kw>
<status status="PASS" starttime="20200601 14:21:06.261" endtime="20200601 14:21:06.736"></status>
</kw>
<kw name="点击查询按钮" library="基础关键字">
<kw name="Click Button" library="SeleniumLibrary">
<doc>Clicks button identified by ``locator``.</doc>
<arguments>
<arg>id=su</arg>
</arguments>
<msg timestamp="20200601 14:21:06.738" level="INFO">Clicking button 'id=su'.</msg>
<status status="PASS" starttime="20200601 14:21:06.736" endtime="20200601 14:21:07.006"></status>
</kw>
<status status="PASS" starttime="20200601 14:21:06.736" endtime="20200601 14:21:07.006"></status>
</kw>
<kw name="关闭浏览器" library="基础关键字">
<kw name="Close Browser" library="SeleniumLibrary">
<doc>Closes the current browser.</doc>
<status status="PASS" starttime="20200601 14:21:07.006" endtime="20200601 14:21:09.186"></status>
</kw>
<status status="PASS" starttime="20200601 14:21:07.006" endtime="20200601 14:21:09.186"></status>
</kw>
<status status="PASS" starttime="20200601 14:21:02.604" endtime="20200601 14:21:09.186"></status>
</kw>
<status status="PASS" starttime="20200601 14:21:02.604" endtime="20200601 14:21:09.186"></status>
</kw>
<kw name="百度搜索数据驱动" library="业务关键字">
<arguments>
<arg>python</arg>
</arguments>
<kw name="百度搜索" library="业务关键字">
<arguments>
<arg>https://www.baidu.com/</arg>
<arg>${searchContent}</arg>
</arguments>
<kw name="打开浏览器" library="基础关键字">
<arguments>
<arg>${url}</arg>
<arg>chrome</arg>
</arguments>
<kw name="Open Browser" library="SeleniumLibrary">
<doc>Opens a new browser instance to the given ``url``.</doc>
<arguments>
<arg>${url}</arg>
<arg>${browser}</arg>
</arguments>
<msg timestamp="20200601 14:21:09.188" level="INFO">Opening browser 'chrome' to base url 'https://www.baidu.com/'.</msg>
<status status="PASS" starttime="20200601 14:21:09.187" endtime="20200601 14:21:12.437"></status>
</kw>
<status status="PASS" starttime="20200601 14:21:09.187" endtime="20200601 14:21:12.437"></status>
</kw>
<kw name="输入查询内容" library="基础关键字">
<arguments>
<arg>${searchContent}</arg>
</arguments>
<kw name="Input Text" library="SeleniumLibrary">
<doc>Types the given ``text`` into text field identified by ``locator``.</doc>
<arguments>
<arg>id=kw</arg>
<arg>${content}</arg>
</arguments>
<msg timestamp="20200601 14:21:12.438" level="INFO">Typing text 'python' into text field 'id=kw'.</msg>
<status status="PASS" starttime="20200601 14:21:12.438" endtime="20200601 14:21:12.843"></status>
</kw>
<status status="PASS" starttime="20200601 14:21:12.437" endtime="20200601 14:21:12.843"></status>
</kw>
<kw name="点击查询按钮" library="基础关键字">
<kw name="Click Button" library="SeleniumLibrary">
<doc>Clicks button identified by ``locator``.</doc>
<arguments>
<arg>id=su</arg>
</arguments>
<msg timestamp="20200601 14:21:12.847" level="INFO">Clicking button 'id=su'.</msg>
<status status="PASS" starttime="20200601 14:21:12.844" endtime="20200601 14:21:13.043"></status>
</kw>
<status status="PASS" starttime="20200601 14:21:12.843" endtime="20200601 14:21:13.045"></status>
</kw>
<kw name="关闭浏览器" library="基础关键字">
<kw name="Close Browser" library="SeleniumLibrary">
<doc>Closes the current browser.</doc>
<status status="PASS" starttime="20200601 14:21:13.047" endtime="20200601 14:21:16.291"></status>
</kw>
<status status="PASS" starttime="20200601 14:21:13.046" endtime="20200601 14:21:16.291"></status>
</kw>
<status status="PASS" starttime="20200601 14:21:09.186" endtime="20200601 14:21:16.291"></status>
</kw>
<status status="PASS" starttime="20200601 14:21:09.186" endtime="20200601 14:21:16.291"></status>
</kw>
<kw name="百度搜索数据驱动" library="业务关键字">
<arguments>
<arg>ruby</arg>
</arguments>
<kw name="百度搜索" library="业务关键字">
<arguments>
<arg>https://www.baidu.com/</arg>
<arg>${searchContent}</arg>
</arguments>
<kw name="打开浏览器" library="基础关键字">
<arguments>
<arg>${url}</arg>
<arg>chrome</arg>
</arguments>
<kw name="Open Browser" library="SeleniumLibrary">
<doc>Opens a new browser instance to the given ``url``.</doc>
<arguments>
<arg>${url}</arg>
<arg>${browser}</arg>
</arguments>
<msg timestamp="20200601 14:21:16.294" level="INFO">Opening browser 'chrome' to base url 'https://www.baidu.com/'.</msg>
<status status="PASS" starttime="20200601 14:21:16.293" endtime="20200601 14:21:19.729"></status>
</kw>
<status status="PASS" starttime="20200601 14:21:16.293" endtime="20200601 14:21:19.730"></status>
</kw>
<kw name="输入查询内容" library="基础关键字">
<arguments>
<arg>${searchContent}</arg>
</arguments>
<kw name="Input Text" library="SeleniumLibrary">
<doc>Types the given ``text`` into text field identified by ``locator``.</doc>
<arguments>
<arg>id=kw</arg>
<arg>${content}</arg>
</arguments>
<msg timestamp="20200601 14:21:19.731" level="INFO">Typing text 'ruby' into text field 'id=kw'.</msg>
<status status="PASS" starttime="20200601 14:21:19.730" endtime="20200601 14:21:20.154"></status>
</kw>
<status status="PASS" starttime="20200601 14:21:19.730" endtime="20200601 14:21:20.155"></status>
</kw>
<kw name="点击查询按钮" library="基础关键字">
<kw name="Click Button" library="SeleniumLibrary">
<doc>Clicks button identified by ``locator``.</doc>
<arguments>
<arg>id=su</arg>
</arguments>
<msg timestamp="20200601 14:21:20.156" level="INFO">Clicking button 'id=su'.</msg>
<status status="PASS" starttime="20200601 14:21:20.155" endtime="20200601 14:21:20.382"></status>
</kw>
<status status="PASS" starttime="20200601 14:21:20.155" endtime="20200601 14:21:20.382"></status>
</kw>
<kw name="关闭浏览器" library="基础关键字">
<kw name="Close Browser" library="SeleniumLibrary">
<doc>Closes the current browser.</doc>
<status status="PASS" starttime="20200601 14:21:20.383" endtime="20200601 14:21:22.563"></status>
</kw>
<status status="PASS" starttime="20200601 14:21:20.382" endtime="20200601 14:21:22.563"></status>
</kw>
<status status="PASS" starttime="20200601 14:21:16.292" endtime="20200601 14:21:22.563"></status>
</kw>
<status status="PASS" starttime="20200601 14:21:16.292" endtime="20200601 14:21:22.563"></status>
</kw>
<kw name="关闭浏览器" library="基础关键字" type="teardown">
<kw name="Close Browser" library="SeleniumLibrary">
<doc>Closes the current browser.</doc>
<status status="PASS" starttime="20200601 14:21:22.564" endtime="20200601 14:21:22.565"></status>
</kw>
<status status="PASS" starttime="20200601 14:21:22.564" endtime="20200601 14:21:22.565"></status>
</kw>
<tags>
<tag>baidu</tag>
</tags>
<timeout value="1 minute"></timeout>
<status status="PASS" starttime="20200601 14:20:55.669" endtime="20200601 14:21:22.565" critical="yes"></status>
</test>
<test id="s1-s1-t2" name="163-EmailHome-发送邮件">
<kw name="打开浏览器" library="基础关键字" type="setup">
<arguments>
<arg>http://mail.163.com</arg>
<arg>chrome</arg>
</arguments>
<kw name="Open Browser" library="SeleniumLibrary">
<doc>Opens a new browser instance to the given ``url``.</doc>
<arguments>
<arg>${url}</arg>
<arg>${browser}</arg>
</arguments>
<msg timestamp="20200601 14:21:22.569" level="INFO">Opening browser 'chrome' to base url 'http://mail.163.com'.</msg>
<status status="PASS" starttime="20200601 14:21:22.568" endtime="20200601 14:21:27.541"></status>
</kw>
<status status="PASS" starttime="20200601 14:21:22.568" endtime="20200601 14:21:27.541"></status>
</kw>
<kw name="最大化浏览器" library="基础关键字">
<kw name="Maximize Browser Window" library="SeleniumLibrary">
<doc>Maximizes current browser window.</doc>
<status status="PASS" starttime="20200601 14:21:27.544" endtime="20200601 14:21:28.675"></status>
</kw>
<status status="PASS" starttime="20200601 14:21:27.544" endtime="20200601 14:21:28.675"></status>
</kw>
<kw name="Comment" library="BuiltIn">
<doc>Displays the given messages in the log file as keyword arguments.</doc>
<arguments>
<arg>Comment</arg>
<arg>Click Element</arg>
<arg>xpath=//div[@class="new-loginFuncNormal account-163-icon"]</arg>
</arguments>
<status status="PASS" starttime="20200601 14:21:28.678" endtime="20200601 14:21:28.678"></status>
</kw>
<kw name="Select Frame" library="SeleniumLibrary">
<doc>Sets frame identified by ``locator`` as the current frame.</doc>
<arguments>
<arg>xpath=//iframe[starts-with(@id,'x-URS-iframe')]</arg>
</arguments>
<msg timestamp="20200601 14:21:28.680" level="INFO">Selecting frame 'xpath=//iframe[starts-with(@id,'x-URS-iframe')]'.</msg>
<status status="PASS" starttime="20200601 14:21:28.679" endtime="20200601 14:21:28.813"></status>
</kw>
<kw name="Input Text" library="SeleniumLibrary">
<doc>Types the given ``text`` into text field identified by ``locator``.</doc>
<arguments>
<arg>name=email</arg>
<arg>15112342277</arg>
</arguments>
<msg timestamp="20200601 14:21:28.814" level="INFO">Typing text '15112342277' into text field 'name=email'.</msg>
<status status="PASS" starttime="20200601 14:21:28.814" endtime="20200601 14:21:29.153"></status>
</kw>
<kw name="Input Password" library="SeleniumLibrary">
<doc>Types the given password into text field identified by ``locator``.</doc>
<arguments>
<arg>name=password</arg>
<arg>yxc253676</arg>
</arguments>
<msg timestamp="20200601 14:21:29.154" level="INFO">Typing password into text field 'name=password'.</msg>
<status status="PASS" starttime="20200601 14:21:29.153" endtime="20200601 14:21:29.507"></status>
</kw>
<kw name="Click Link" library="SeleniumLibrary">
<doc>Clicks a link identified by ``locator``.</doc>
<arguments>
<arg>id=dologin</arg>
</arguments>
<msg timestamp="20200601 14:21:29.507" level="INFO">Clicking link 'id=dologin'.</msg>
<status status="PASS" starttime="20200601 14:21:29.507" endtime="20200601 14:21:29.808"></status>
</kw>
<kw name="Comment" library="BuiltIn">
<doc>Displays the given messages in the log file as keyword arguments.</doc>
<arguments>
<arg>Wait Until Element Is Enabled</arg>
<arg>xpath=//span[contains(text(), '写 信')]</arg>
<arg>50s</arg>
</arguments>
<status status="PASS" starttime="20200601 14:21:29.812" endtime="20200601 14:21:29.812"></status>
</kw>
<kw name="Click Element" library="SeleniumLibrary">
<doc>Click element identified by ``locator``.</doc>
<arguments>
<arg>xpath=//span[contains(text(), '写 信')]</arg>
</arguments>
<msg timestamp="20200601 14:21:29.824" level="INFO">Clicking element 'xpath=//span[contains(text(), '写 信')]'.</msg>
<status status="PASS" starttime="20200601 14:21:29.812" endtime="20200601 14:21:33.227"></status>
</kw>
<kw name="Comment" library="BuiltIn">
<doc>Displays the given messages in the log file as keyword arguments.</doc>
<arguments>
<arg>Wait Until Element Is Enabled</arg>
<arg>css=.nui-editableAddr-ipt</arg>
<arg>50s</arg>
</arguments>
<status status="PASS" starttime="20200601 14:21:33.281" endtime="20200601 14:21:33.282"></status>
</kw>
<kw name="Input Text" library="SeleniumLibrary">
<doc>Types the given ``text`` into text field identified by ``locator``.</doc>
<arguments>
<arg>css=.nui-editableAddr-ipt</arg>
<arg>gavintraining@163.com</arg>
</arguments>
<msg timestamp="20200601 14:21:33.471" level="INFO">Typing text 'gavintraining@163.com' into text field 'css=.nui-editableAddr-ipt'.</msg>
<status status="PASS" starttime="20200601 14:21:33.282" endtime="20200601 14:21:34.203"></status>
</kw>
<kw name="Input Text" library="SeleniumLibrary">
<doc>Types the given ``text`` into text field identified by ``locator``.</doc>
<arguments>
<arg>xpath=//input[contains(@class,'nui-ipt-input') and contains(@maxlength,'256') and contains(@type,'text')]</arg>
<arg>selenium training email</arg>
</arguments>
<msg timestamp="20200601 14:21:34.206" level="INFO">Typing text 'selenium training email' into text field 'xpath=//input[contains(@class,'nui-ipt-input') and contains(@maxlength,'256') and contains(@type,'text')]'.</msg>
<status status="PASS" starttime="20200601 14:21:34.204" endtime="20200601 14:21:34.766"></status>
</kw>
<kw name="Select Frame" library="SeleniumLibrary">
<doc>Sets frame identified by ``locator`` as the current frame.</doc>
<arguments>
<arg>css=.APP-editor-iframe</arg>
</arguments>
<msg timestamp="20200601 14:21:34.767" level="INFO">Selecting frame 'css=.APP-editor-iframe'.</msg>
<status status="PASS" starttime="20200601 14:21:34.767" endtime="20200601 14:21:34.905"></status>
</kw>
<kw name="Input Text" library="SeleniumLibrary">
<doc>Types the given ``text`` into text field identified by ``locator``.</doc>
<arguments>
<arg>css=.nui-scroll</arg>
<arg>please tell me content</arg>
</arguments>
<msg timestamp="20200601 14:21:34.906" level="INFO">Typing text 'please tell me content' into text field 'css=.nui-scroll'.</msg>
<status status="PASS" starttime="20200601 14:21:34.906" endtime="20200601 14:21:37.154"></status>
</kw>
<kw name="Unselect Frame" library="SeleniumLibrary">
<doc>Sets the main frame as the current frame.</doc>
<status status="PASS" starttime="20200601 14:21:37.341" endtime="20200601 14:21:37.811"></status>
</kw>
<kw name="Click Element" library="SeleniumLibrary">
<doc>Click element identified by ``locator``.</doc>
<arguments>
<arg>css=.nui-toolbar-item</arg>
</arguments>
<msg timestamp="20200601 14:21:37.814" level="INFO">Clicking element 'css=.nui-toolbar-item'.</msg>
<status status="PASS" starttime="20200601 14:21:37.812" endtime="20200601 14:21:38.063"></status>
</kw>
<kw name="Sleep" library="BuiltIn">
<doc>Pauses the test executed for the given time.</doc>
<arguments>
<arg>20s</arg>
</arguments>
<msg timestamp="20200601 14:21:58.067" level="INFO">Slept 20 seconds</msg>
<status status="PASS" starttime="20200601 14:21:38.065" endtime="20200601 14:21:58.067"></status>
</kw>
<kw name="Page Should Contain" library="SeleniumLibrary">
<doc>Verifies that current page contains ``text``.</doc>
<arguments>
<arg>发送成功</arg>
</arguments>
<msg timestamp="20200601 14:21:58.159" level="INFO">Current page contains text '发送成功'.</msg>
<status status="PASS" starttime="20200601 14:21:58.068" endtime="20200601 14:21:58.160"></status>
</kw>
<kw name="关闭浏览器" library="基础关键字" type="teardown">
<kw name="Close Browser" library="SeleniumLibrary">
<doc>Closes the current browser.</doc>
<status status="PASS" starttime="20200601 14:21:58.161" endtime="20200601 14:22:00.370"></status>
</kw>
<status status="PASS" starttime="20200601 14:21:58.160" endtime="20200601 14:22:00.370"></status>
</kw>
<tags>
<tag>163</tag>
</tags>
<timeout value="10 minutes"></timeout>
<status status="PASS" starttime="20200601 14:21:22.567" endtime="20200601 14:22:00.371" critical="yes"></status>
</test>
<test id="s1-s1-t3" name="163-EmailHome-发送邮件分层实现">
<kw name="打开浏览器" library="基础关键字" type="setup">
<arguments>
<arg>http://mail.163.com</arg>
<arg>chrome</arg>
</arguments>
<kw name="Open Browser" library="SeleniumLibrary">
<doc>Opens a new browser instance to the given ``url``.</doc>
<arguments>
<arg>${url}</arg>
<arg>${browser}</arg>
</arguments>
<msg timestamp="20200601 14:22:00.375" level="INFO">Opening browser 'chrome' to base url 'http://mail.163.com'.</msg>
<status status="PASS" starttime="20200601 14:22:00.374" endtime="20200601 14:22:04.995"></status>
</kw>
<status status="PASS" starttime="20200601 14:22:00.373" endtime="20200601 14:22:04.996"></status>
</kw>
<kw name="最大化浏览器" library="基础关键字">
<kw name="Maximize Browser Window" library="SeleniumLibrary">
<doc>Maximizes current browser window.</doc>
<status status="PASS" starttime="20200601 14:22:04.997" endtime="20200601 14:22:06.117"></status>
</kw>
<status status="PASS" starttime="20200601 14:22:04.997" endtime="20200601 14:22:06.117"></status>
</kw>
<kw name="登录网易邮箱" library="业务关键字">
<arguments>
<arg>15112342277</arg>
<arg>yxc253676</arg>
</arguments>
<kw name="Comment" library="BuiltIn">
<doc>Displays the given messages in the log file as keyword arguments.</doc>
<arguments>
<arg>Click Element</arg>
<arg>xpath=//div[@class="new-loginFuncNormal account-163-icon"]</arg>
</arguments>
<status status="PASS" starttime="20200601 14:22:06.118" endtime="20200601 14:22:06.119"></status>
</kw>
<kw name="跳转iframe" library="基础关键字">
<arguments>
<arg>xpath=//iframe[starts-with(@id,'x-URS-iframe')]</arg>
</arguments>
<kw name="Select Frame" library="SeleniumLibrary">
<doc>Sets frame identified by ``locator`` as the current frame.</doc>
<arguments>
<arg>${locator}</arg>
</arguments>
<msg timestamp="20200601 14:22:06.127" level="INFO">Selecting frame 'xpath=//iframe[starts-with(@id,'x-URS-iframe')]'.</msg>
<status status="PASS" starttime="20200601 14:22:06.119" endtime="20200601 14:22:06.218"></status>
</kw>
<status status="PASS" starttime="20200601 14:22:06.119" endtime="20200601 14:22:06.218"></status>
</kw>
<kw name="输入文本" library="基础关键字">
<arguments>
<arg>name=email</arg>
<arg>${username}</arg>
</arguments>
<kw name="Input Text" library="SeleniumLibrary">
<doc>Types the given ``text`` into text field identified by ``locator``.</doc>
<arguments>
<arg>${locator}</arg>
<arg>${content}</arg>
</arguments>
<msg timestamp="20200601 14:22:06.220" level="INFO">Typing text '15112342277' into text field 'name=email'.</msg>
<status status="PASS" starttime="20200601 14:22:06.219" endtime="20200601 14:22:06.427"></status>
</kw>
<status status="PASS" starttime="20200601 14:22:06.218" endtime="20200601 14:22:06.427"></status>
</kw>
<kw name="输入密码" library="基础关键字">
<arguments>
<arg>name=password</arg>
<arg>${password}</arg>
</arguments>
<kw name="Input Password" library="SeleniumLibrary">
<doc>Types the given password into text field identified by ``locator``.</doc>
<arguments>
<arg>${locator}</arg>
<arg>${content}</arg>
</arguments>
<msg timestamp="20200601 14:22:06.428" level="INFO">Typing password into text field 'name=password'.</msg>
<status status="PASS" starttime="20200601 14:22:06.428" endtime="20200601 14:22:06.615"></status>
</kw>
<status status="PASS" starttime="20200601 14:22:06.427" endtime="20200601 14:22:06.615"></status>
</kw>
<kw name="点击超链接" library="基础关键字">
<arguments>
<arg>id=dologin</arg>
</arguments>
<kw name="Click Link" library="SeleniumLibrary">
<doc>Clicks a link identified by ``locator``.</doc>
<arguments>
<arg>${locator}</arg>
</arguments>
<msg timestamp="20200601 14:22:06.617" level="INFO">Clicking link 'id=dologin'.</msg>
<status status="PASS" starttime="20200601 14:22:06.616" endtime="20200601 14:22:06.809"></status>
</kw>
<status status="PASS" starttime="20200601 14:22:06.616" endtime="20200601 14:22:06.809"></status>
</kw>
<status status="PASS" starttime="20200601 14:22:06.118" endtime="20200601 14:22:06.809"></status>
</kw>
<kw name="发送邮件" library="业务关键字">
<kw name="Wait Until Element Is Enabled" library="SeleniumLibrary">
<doc>Waits until element ``locator`` is enabled.</doc>
<arguments>
<arg>xpath=//span[contains(text(), '写 信')]</arg>
<arg>30s</arg>
</arguments>
<status status="PASS" starttime="20200601 14:22:06.810" endtime="20200601 14:22:09.945"></status>
</kw>
<kw name="Click Element" library="SeleniumLibrary">
<doc>Click element identified by ``locator``.</doc>
<arguments>
<arg>xpath=//span[contains(text(), '写 信')]</arg>
</arguments>
<msg timestamp="20200601 14:22:09.946" level="INFO">Clicking element 'xpath=//span[contains(text(), '写 信')]'.</msg>
<status status="PASS" starttime="20200601 14:22:09.945" endtime="20200601 14:22:10.459"></status>
</kw>
<kw name="Comment" library="BuiltIn">
<doc>Displays the given messages in the log file as keyword arguments.</doc>
<arguments>
<arg>Wait Until Element Is Enabled</arg>
<arg>css=.nui-editableAddr-ipt</arg>
<arg>50s</arg>
</arguments>
<status status="PASS" starttime="20200601 14:22:10.459" endtime="20200601 14:22:10.460"></status>
</kw>
<kw name="Input Text" library="SeleniumLibrary">
<doc>Types the given ``text`` into text field identified by ``locator``.</doc>
<arguments>
<arg>css=.nui-editableAddr-ipt</arg>
<arg>gavintraining@163.com</arg>
</arguments>
<msg timestamp="20200601 14:22:10.500" level="INFO">Typing text 'gavintraining@163.com' into text field 'css=.nui-editableAddr-ipt'.</msg>
<status status="PASS" starttime="20200601 14:22:10.460" endtime="20200601 14:22:11.433"></status>
</kw>
<kw name="Input Text" library="SeleniumLibrary">
<doc>Types the given ``text`` into text field identified by ``locator``.</doc>
<arguments>
<arg>xpath=/html/body/div[2]/div[1]/div[2]/div[1]/section/header/div[2]/div[1]/div/div/input</arg>
<arg>selenium training email</arg>
</arguments>
<msg timestamp="20200601 14:22:11.434" level="INFO">Typing text 'selenium training email' into text field 'xpath=/html/body/div[2]/div[1]/div[2]/div[1]/section/header/div[2]/div[1]/div/div/input'.</msg>
<status status="PASS" starttime="20200601 14:22:11.433" endtime="20200601 14:22:11.927"></status>
</kw>
<kw name="Select Frame" library="SeleniumLibrary">
<doc>Sets frame identified by ``locator`` as the current frame.</doc>
<arguments>
<arg>css=.APP-editor-iframe</arg>
</arguments>
<msg timestamp="20200601 14:22:11.928" level="INFO">Selecting frame 'css=.APP-editor-iframe'.</msg>
<status status="PASS" starttime="20200601 14:22:11.928" endtime="20200601 14:22:12.026"></status>
</kw>
<kw name="Input Text" library="SeleniumLibrary">
<doc>Types the given ``text`` into text field identified by ``locator``.</doc>
<arguments>
<arg>css=.nui-scroll</arg>
<arg>please tell me content</arg>
</arguments>
<msg timestamp="20200601 14:22:12.027" level="INFO">Typing text 'please tell me content' into text field 'css=.nui-scroll'.</msg>
<status status="PASS" starttime="20200601 14:22:12.026" endtime="20200601 14:22:14.200"></status>
</kw>
<kw name="Unselect Frame" library="SeleniumLibrary">
<doc>Sets the main frame as the current frame.</doc>
<status status="PASS" starttime="20200601 14:22:14.200" endtime="20200601 14:22:14.835"></status>
</kw>
<kw name="Click Element" library="SeleniumLibrary">
<doc>Click element identified by ``locator``.</doc>
<arguments>
<arg>css=.nui-toolbar-item</arg>
</arguments>
<msg timestamp="20200601 14:22:14.840" level="INFO">Clicking element 'css=.nui-toolbar-item'.</msg>
<status status="PASS" starttime="20200601 14:22:14.836" endtime="20200601 14:22:15.044"></status>
</kw>
<kw name="Sleep" library="BuiltIn">
<doc>Pauses the test executed for the given time.</doc>
<arguments>
<arg>5s</arg>
</arguments>
<msg timestamp="20200601 14:22:20.047" level="INFO">Slept 5 seconds</msg>
<status status="PASS" starttime="20200601 14:22:15.044" endtime="20200601 14:22:20.047"></status>
</kw>
<kw name="Page Should Contain" library="SeleniumLibrary">
<doc>Verifies that current page contains ``text``.</doc>
<arguments>
<arg>发送成功</arg>
</arguments>
<msg timestamp="20200601 14:22:20.103" level="INFO">Current page contains text '发送成功'.</msg>
<status status="PASS" starttime="20200601 14:22:20.047" endtime="20200601 14:22:20.103"></status>
</kw>
<status status="PASS" starttime="20200601 14:22:06.810" endtime="20200601 14:22:20.104"></status>
</kw>
<kw name="关闭浏览器" library="基础关键字" type="teardown">
<kw name="Close Browser" library="SeleniumLibrary">
<doc>Closes the current browser.</doc>
<status status="PASS" starttime="20200601 14:22:20.105" endtime="20200601 14:22:22.307"></status>
</kw>
<status status="PASS" starttime="20200601 14:22:20.105" endtime="20200601 14:22:22.307"></status>
</kw>
<tags>
<tag>163</tag>
</tags>
<timeout value="10 minutes"></timeout>
<status status="PASS" starttime="20200601 14:22:00.372" endtime="20200601 14:22:22.307" critical="yes"></status>
</test>
<status status="PASS" starttime="20200601 14:20:55.348" endtime="20200601 14:22:22.309"></status>
</suite>
<status status="PASS" starttime="20200601 14:20:55.319" endtime="20200601 14:22:22.312"></status>
</suite>
<statistics>
<total>
<stat pass="3" fail="0">Critical Tests</stat>
<stat pass="3" fail="0">All Tests</stat>
</total>
<tag>
<stat pass="2" fail="0">163</stat>
<stat pass="1" fail="0">baidu</stat>
</tag>
<suite>
<stat pass="3" fail="0" id="s1" name="Selenium">Selenium</stat>
<stat pass="3" fail="0" id="s1-s1" name="RF实例">Selenium.RF实例</stat>
</suite>
</statistics>
<errors>
</errors>
</robot>
