<?xml version="1.0" encoding="UTF-8"?><testsuite name="nosetests" tests="3" errors="0" failures="0" skip="0"><testcase classname="testCase.grid.TestBaiduSearchRemote1.TestBaiduSearchRemote1" name="test_baiduSearchRemote1" time="15.249"></testcase><testcase classname="testCase.grid.TestBaiduSearchRemote.TestBaiduSearchRemote" name="test_baiduSearchRemote" time="17.088"></testcase><testcase classname="testCase.grid.TestBaiduSearchRemote2.TestBaiduSearchRemote2" name="test_baiduSearchRemote1" time="16.366"></testcase></testsuite>