<?xml version="1.0" encoding="UTF-8"?>
<robot generator="Robot 3.1.1 (Python 3.7.2 on win32)" generated="20190605 11:33:47.534" rpa="false">
<suite id="s1" name="Interface" source="E:\workspace\robootWorkSpace\interface">
<suite id="s1-s1" name="CRM" source="E:\workspace\robootWorkSpace\interface\CRM.txt">
<test id="s1-s1-t1" name="创建CRM客户">
<kw name="刷新PHPSESSID" library="业务关键字">
<assign>
<var>${phpsessid}</var>
</assign>
<kw name="Create Session" library="RequestsLibrary">
<doc>Create Session: create a HTTP session to a server</doc>
<arguments>
<arg>api</arg>
<arg>http://my.crm.cc</arg>
</arguments>
<msg timestamp="20190605 11:33:47.760" level="INFO">Creating Session using : alias=api, url=http://my.crm.cc, headers={},                     cookies={}, auth=None, timeout=None, proxies=None, verify=False,                     debug=0 </msg>
<status status="PASS" starttime="20190605 11:33:47.760" endtime="20190605 11:33:47.761"></status>
</kw>
<kw name="Get Request" library="RequestsLibrary">
<doc>Send a GET request on the session object found using the
given `alias`</doc>
<arguments>
<arg>api</arg>
<arg>index.php?m=user&amp;a=login</arg>
</arguments>
<assign>
<var>${response}</var>
</assign>
<msg timestamp="20190605 11:33:48.120" level="INFO">Get Request using : alias=api, uri=index.php?m=user&amp;a=login, headers=None json=None</msg>
<msg timestamp="20190605 11:33:48.120" level="INFO">${response} = &lt;Response [200]&gt;</msg>
<status status="PASS" starttime="20190605 11:33:47.761" endtime="20190605 11:33:48.120"></status>
</kw>
<kw name="Log" library="BuiltIn">
<doc>Logs the given message with the given level.</doc>
<arguments>
<arg>${response}</arg>
</arguments>
<msg timestamp="20190605 11:33:48.120" level="INFO">&lt;Response [200]&gt;</msg>
<status status="PASS" starttime="20190605 11:33:48.120" endtime="20190605 11:33:48.120"></status>
</kw>
<kw name="Get Cookies" library="RequestsLibrary">
<doc>get cookies from response
Args:
    res: response
    key: key of cookie</doc>
<arguments>
<arg>res=${response}</arg>
<arg>key=PHPSESSID</arg>
</arguments>
<assign>
<var>${phpsessidValue}</var>
</assign>
<msg timestamp="20190605 11:33:48.121" level="INFO">${phpsessidValue} = n6o4ma7mhh4utqokdi984g0cm1</msg>
<status status="PASS" starttime="20190605 11:33:48.121" endtime="20190605 11:33:48.121"></status>
</kw>
<kw name="Should Not Be Empty" library="BuiltIn">
<doc>Verifies that the given item is not empty.</doc>
<arguments>
<arg>${phpsessidValue}</arg>
</arguments>
<msg timestamp="20190605 11:33:48.122" level="INFO">Length is 26</msg>
<status status="PASS" starttime="20190605 11:33:48.122" endtime="20190605 11:33:48.122"></status>
</kw>
<kw name="Set Variable" library="BuiltIn">
<doc>Returns the given values which can then be assigned to a variables.</doc>
<arguments>
<arg>PHPSESSID=${phpsessidValue}</arg>
</arguments>
<assign>
<var>${phpsessid}</var>
</assign>
<msg timestamp="20190605 11:33:48.123" level="INFO">${phpsessid} = PHPSESSID=n6o4ma7mhh4utqokdi984g0cm1</msg>
<status status="PASS" starttime="20190605 11:33:48.122" endtime="20190605 11:33:48.123"></status>
</kw>
<kw name="Log" library="BuiltIn">
<doc>Logs the given message with the given level.</doc>
<arguments>
<arg>获取到的令牌是：${phpsessid}</arg>
</arguments>
<msg timestamp="20190605 11:33:48.124" level="INFO">获取到的令牌是：PHPSESSID=n6o4ma7mhh4utqokdi984g0cm1</msg>
<status status="PASS" starttime="20190605 11:33:48.123" endtime="20190605 11:33:48.124"></status>
</kw>
<msg timestamp="20190605 11:33:48.124" level="INFO">${phpsessid} = PHPSESSID=n6o4ma7mhh4utqokdi984g0cm1</msg>
<status status="PASS" starttime="20190605 11:33:47.760" endtime="20190605 11:33:48.124"></status>
</kw>
<kw name="登录CRM" library="业务关键字">
<arguments>
<arg>19926451606</arg>
<arg>900e0313b981caa9f83ed5d0a01e9c58</arg>
<arg>${phpsessid}</arg>
</arguments>
<assign>
<var>${loginInfo}</var>
</assign>
<kw name="Create Dictionary" library="BuiltIn">
<doc>Creates and returns a dictionary based on the given ``items``.</doc>
<arguments>
<arg>Content-Type=application/x-www-form-urlencoded</arg>
<arg>charset=utf-8</arg>
<arg>Cookie=${phpsessid}</arg>
</arguments>
<assign>
<var>${header}</var>
</assign>
<msg timestamp="20190605 11:33:48.126" level="INFO">${header} = {'Content-Type': 'application/x-www-form-urlencoded', 'charset': 'utf-8', 'Cookie': 'PHPSESSID=n6o4ma7mhh4utqokdi984g0cm1'}</msg>
<status status="PASS" starttime="20190605 11:33:48.125" endtime="20190605 11:33:48.126"></status>
</kw>
<kw name="Create Dictionary" library="BuiltIn">
<doc>Creates and returns a dictionary based on the given ``items``.</doc>
<arguments>
<arg>name=${username}</arg>
<arg>password=${password}</arg>
</arguments>
<assign>
<var>${data}</var>
</assign>
<msg timestamp="20190605 11:33:48.126" level="INFO">${data} = {'name': '19926451606', 'password': '900e0313b981caa9f83ed5d0a01e9c58'}</msg>
<status status="PASS" starttime="20190605 11:33:48.126" endtime="20190605 11:33:48.126"></status>
</kw>
<kw name="Create Session" library="RequestsLibrary">
<doc>Create Session: create a HTTP session to a server</doc>
<arguments>
<arg>api</arg>
<arg>http://my.crm.cc</arg>
</arguments>
<msg timestamp="20190605 11:33:48.127" level="INFO">Creating Session using : alias=api, url=http://my.crm.cc, headers={},                     cookies={}, auth=None, timeout=None, proxies=None, verify=False,                     debug=0 </msg>
<status status="PASS" starttime="20190605 11:33:48.126" endtime="20190605 11:33:48.127"></status>
</kw>
<kw name="Post Request" library="RequestsLibrary">
<doc>Send a POST request on the session object found using the
given `alias`</doc>
<arguments>
<arg>api</arg>
<arg>index.php?m=user&amp;a=login</arg>
<arg>data=${data}</arg>
<arg>headers=${header}</arg>
</arguments>
<assign>
<var>${response}</var>
</assign>
<msg timestamp="20190605 11:33:48.299" level="INFO">Post Request using : alias=api, uri=index.php?m=user&amp;a=login, data=name=19926451606&amp;password=900e0313b981caa9f83ed5d0a01e9c58, headers={'Content-Type': 'application/x-www-form-urlencoded', 'charset': 'utf-8', 'Cookie': 'PHPSESSID=n6o4ma7mhh4utqokdi984g0cm1'}, files=None, allow_redirects=True </msg>
<msg timestamp="20190605 11:33:48.299" level="INFO">${response} = &lt;Response [200]&gt;</msg>
<status status="PASS" starttime="20190605 11:33:48.127" endtime="20190605 11:33:48.299"></status>
</kw>
<kw name="Log" library="BuiltIn">
<doc>Logs the given message with the given level.</doc>
<arguments>
<arg>${response.status_code}</arg>
</arguments>
<msg timestamp="20190605 11:33:48.300" level="INFO">200</msg>
<status status="PASS" starttime="20190605 11:33:48.299" endtime="20190605 11:33:48.300"></status>
</kw>
<kw name="Log" library="BuiltIn">
<doc>Logs the given message with the given level.</doc>
<arguments>
<arg>ABC${response.content}</arg>
</arguments>
<msg timestamp="20190605 11:33:48.300" level="INFO">ABC{"data":"","info":"\u767b\u5f55\u6210\u529f","status":1}</msg>
<status status="PASS" starttime="20190605 11:33:48.300" endtime="20190605 11:33:48.300"></status>
</kw>
<kw name="To Json" library="RequestsLibrary">
<doc>Convert a string to a JSON object</doc>
<arguments>
<arg>${response.content}</arg>
</arguments>
<assign>
<var>${content}</var>
</assign>
<msg timestamp="20190605 11:33:48.301" level="INFO">To JSON using : content={"data":"","info":"\u767b\u5f55\u6210\u529f","status":1} </msg>
<msg timestamp="20190605 11:33:48.301" level="INFO">To JSON using : pretty_print=False </msg>
<msg timestamp="20190605 11:33:48.301" level="INFO">${content} = {'data': '', 'info': '登录成功', 'status': 1}</msg>
<status status="PASS" starttime="20190605 11:33:48.300" endtime="20190605 11:33:48.301"></status>
</kw>
<kw name="Get From Dictionary" library="Collections">
<doc>Returns a value from the given ``dictionary`` based on the given ``key``.</doc>
<arguments>
<arg>${content}</arg>
<arg>info</arg>
</arguments>
<assign>
<var>${info}</var>
</assign>
<msg timestamp="20190605 11:33:48.301" level="INFO">${info} = 登录成功</msg>
<status status="PASS" starttime="20190605 11:33:48.301" endtime="20190605 11:33:48.301"></status>
</kw>
<kw name="Log" library="BuiltIn">
<doc>Logs the given message with the given level.</doc>
<arguments>
<arg>登录结果是：${info}</arg>
</arguments>
<msg timestamp="20190605 11:33:48.302" level="INFO">登录结果是：登录成功</msg>
<status status="PASS" starttime="20190605 11:33:48.301" endtime="20190605 11:33:48.302"></status>
</kw>
<msg timestamp="20190605 11:33:48.302" level="INFO">${loginInfo} = 登录成功</msg>
<status status="PASS" starttime="20190605 11:33:48.125" endtime="20190605 11:33:48.302"></status>
</kw>
<kw name="Should Contain" library="BuiltIn">
<doc>Fails if ``container`` does not contain ``item`` one or more times.</doc>
<arguments>
<arg>${loginInfo}</arg>
<arg>登录成功</arg>
</arguments>
<status status="PASS" starttime="20190605 11:33:48.303" endtime="20190605 11:33:48.303"></status>
</kw>
<kw name="随机获取中文姓名" library="基础关键字">
<assign>
<var>${chineseName}</var>
</assign>
<kw name="Get Chinese Name" library="RandomLibrary">
<doc>随机获取中文姓名
:return:中文姓名</doc>
<assign>
<var>${chineseName}</var>
</assign>
<msg timestamp="20190605 11:33:48.304" level="INFO">${chineseName} = 戴自</msg>
<status status="PASS" starttime="20190605 11:33:48.304" endtime="20190605 11:33:48.304"></status>
</kw>
<msg timestamp="20190605 11:33:48.304" level="INFO">${chineseName} = 戴自</msg>
<status status="PASS" starttime="20190605 11:33:48.304" endtime="20190605 11:33:48.305"></status>
</kw>
<kw name="Log" library="BuiltIn">
<doc>Logs the given message with the given level.</doc>
<arguments>
<arg>创建的客户是：${chineseName}</arg>
</arguments>
<msg timestamp="20190605 11:33:48.305" level="INFO">创建的客户是：戴自</msg>
<status status="PASS" starttime="20190605 11:33:48.305" endtime="20190605 11:33:48.306"></status>
</kw>
<kw name="创建客户" library="业务关键字">
<arguments>
<arg>${phpsessid}</arg>
<arg>${chineseName}</arg>
</arguments>
<assign>
<var>${actualResult}</var>
</assign>
<kw name="Create Dictionary" library="BuiltIn">
<doc>Creates and returns a dictionary based on the given ``items``.</doc>
<arguments>
<arg>Content-Type=application/x-www-form-urlencoded</arg>
<arg>charset=utf-8</arg>
<arg>Cookie=${phpsessid}</arg>
</arguments>
<assign>
<var>${header}</var>
</assign>
<msg timestamp="20190605 11:33:48.307" level="INFO">${header} = {'Content-Type': 'application/x-www-form-urlencoded', 'charset': 'utf-8', 'Cookie': 'PHPSESSID=n6o4ma7mhh4utqokdi984g0cm1'}</msg>
<status status="PASS" starttime="20190605 11:33:48.307" endtime="20190605 11:33:48.307"></status>
</kw>
<kw name="Create Dictionary" library="BuiltIn">
<doc>Creates and returns a dictionary based on the given ``items``.</doc>
<arguments>
<arg>name= ${customerName}</arg>
<arg>owner_role_id= 1</arg>
<arg>owner_name= gavin</arg>
<arg>customer_code=${customerName}</arg>
<arg>customer_status= 意向客户</arg>
<arg>address[city]=市辖区</arg>
<arg>origin=电话营销</arg>
<arg>con_contacts[contacts_address][state]=北京市</arg>
<arg>con_contacts[contacts_address][city]=市辖区</arg>
</arguments>
<assign>
<var>${data}</var>
</assign>
<msg timestamp="20190605 11:33:48.308" level="INFO">${data} = {'name': ' 戴自', 'owner_role_id': ' 1', 'owner_name': ' gavin', 'customer_code': '戴自', 'customer_status': ' 意向客户', 'address[city]': '市辖区', 'origin': '电话营销', 'con_contacts[contacts_address][state]': '北京...</msg>
<status status="PASS" starttime="20190605 11:33:48.307" endtime="20190605 11:33:48.308"></status>
</kw>
<kw name="Create Session" library="RequestsLibrary">
<doc>Create Session: create a HTTP session to a server</doc>
<arguments>
<arg>api</arg>
<arg>http://my.crm.cc</arg>
</arguments>
<msg timestamp="20190605 11:33:48.309" level="INFO">Creating Session using : alias=api, url=http://my.crm.cc, headers={},                     cookies={}, auth=None, timeout=None, proxies=None, verify=False,                     debug=0 </msg>
<status status="PASS" starttime="20190605 11:33:48.308" endtime="20190605 11:33:48.309"></status>
</kw>
<kw name="Post Request" library="RequestsLibrary">
<doc>Send a POST request on the session object found using the
given `alias`</doc>
<arguments>
<arg>api</arg>
<arg>index.php?m=customer&amp;a=add</arg>
<arg>data=${data}</arg>
<arg>headers=${header}</arg>
</arguments>
<assign>
<var>${response}</var>
</assign>
<msg timestamp="20190605 11:33:48.807" level="INFO">Post Request using : alias=api, uri=index.php?m=customer&amp;a=add, data=name=+%E6%88%B4%E8%87%AA&amp;owner_role_id=+1&amp;owner_name=+gavin&amp;customer_code=%E6%88%B4%E8%87%AA&amp;customer_status=+%E6%84%8F%E5%90%91%E5%AE%A2%E6%88%B7&amp;address%5Bcity%5D=%E5%B8%82%E8%BE%96%E5%8C%BA&amp;origin=%E7%94%B5%E8%AF%9D%E8%90%A5%E9%94%80&amp;con_contacts%5Bcontacts_address%5D%5Bstate%5D=%E5%8C%97%E4%BA%AC%E5%B8%82&amp;con_contacts%5Bcontacts_address%5D%5Bcity%5D=%E5%B8%82%E8%BE%96%E5%8C%BA, headers={'Content-Type': 'application/x-www-form-urlencoded', 'charset': 'utf-8', 'Cookie': 'PHPSESSID=n6o4ma7mhh4utqokdi984g0cm1'}, files=None, allow_redirects=True </msg>
<msg timestamp="20190605 11:33:48.807" level="INFO">${response} = &lt;Response [200]&gt;</msg>
<status status="PASS" starttime="20190605 11:33:48.309" endtime="20190605 11:33:48.807"></status>
</kw>
<kw name="Log" library="BuiltIn">
<doc>Logs the given message with the given level.</doc>
<arguments>
<arg>${response.status_code}</arg>
</arguments>
<msg timestamp="20190605 11:33:48.808" level="INFO">200</msg>
<status status="PASS" starttime="20190605 11:33:48.808" endtime="20190605 11:33:48.808"></status>
</kw>
<kw name="Set Variable" library="BuiltIn">
<doc>Returns the given values which can then be assigned to a variables.</doc>
<arguments>
<arg>${response.status_code}</arg>
</arguments>
<assign>
<var>${statusCode}</var>
</assign>
<msg timestamp="20190605 11:33:48.809" level="INFO">${statusCode} = 200</msg>
<status status="PASS" starttime="20190605 11:33:48.809" endtime="20190605 11:33:48.809"></status>
</kw>
<msg timestamp="20190605 11:33:48.809" level="INFO">${actualResult} = 200</msg>
<status status="PASS" starttime="20190605 11:33:48.306" endtime="20190605 11:33:48.809"></status>
</kw>
<kw name="Convert To Integer" library="BuiltIn">
<doc>Converts the given item to an integer number.</doc>
<arguments>
<arg>200</arg>
</arguments>
<assign>
<var>${expectResult}</var>
</assign>
<msg timestamp="20190605 11:33:48.811" level="INFO">${expectResult} = 200</msg>
<status status="PASS" starttime="20190605 11:33:48.811" endtime="20190605 11:33:48.811"></status>
</kw>
<kw name="Should Be Equal" library="BuiltIn">
<doc>Fails if the given objects are unequal.</doc>
<arguments>
<arg>${actualResult}</arg>
<arg>${expectResult}</arg>
</arguments>
<status status="PASS" starttime="20190605 11:33:48.812" endtime="20190605 11:33:48.812"></status>
</kw>
<status status="PASS" starttime="20190605 11:33:47.759" endtime="20190605 11:33:48.813" critical="yes"></status>
</test>
<status status="PASS" starttime="20190605 11:33:47.576" endtime="20190605 11:33:48.817"></status>
</suite>
<status status="PASS" starttime="20190605 11:33:47.538" endtime="20190605 11:33:48.821"></status>
</suite>
<statistics>
<total>
<stat pass="1" fail="0">Critical Tests</stat>
<stat pass="1" fail="0">All Tests</stat>
</total>
<tag>
</tag>
<suite>
<stat pass="1" fail="0" id="s1" name="Interface">Interface</stat>
<stat pass="1" fail="0" id="s1-s1" name="CRM">Interface.CRM</stat>
</suite>
</statistics>
<errors>
<msg timestamp="20190605 11:33:47.525" level="WARN">Automatically parsing other than '*.robot' files is deprecated. Convert 'E:\workspace\robootWorkSpace\interface\CRM.txt' to '*.robot' format or use '--extension' to explicitly configure which files to parse.</msg>
</errors>
</robot>
